[13-Nov-2017 06:07:01 UTC] PHP Fatal error:  Uncaught exception 'PDOException' with message 'SQLSTATE[42S02]: Base table or view not found: 1146 Table 'final.admin' doesn't exist' in /home/ubuntu/workspace/hoconnell/final-project/php/loginProcess.php:31
Stack trace:
#0 /home/ubuntu/workspace/hoconnell/final-project/php/loginProcess.php(31): PDOStatement->execute(Array)
#1 {main}
  thrown in /home/ubuntu/workspace/hoconnell/final-project/php/loginProcess.php on line 31
[04-Dec-2017 05:28:41 UTC] PHP Warning:  json_encode() expects parameter 2 to be long, string given in /home/ubuntu/workspace/hoconnell/final-project/php/makeMenu.php on line 16
[04-Dec-2017 05:28:41 UTC] PHP Stack trace:
[04-Dec-2017 05:28:41 UTC] PHP   1. {main}() /home/ubuntu/workspace/hoconnell/final-project/php/makeMenu.php:0
[04-Dec-2017 05:28:41 UTC] PHP   2. json_encode() /home/ubuntu/workspace/hoconnell/final-project/php/makeMenu.php:16
[04-Dec-2017 05:29:58 UTC] PHP Warning:  json_last_error() expects exactly 0 parameters, 1 given in /home/ubuntu/workspace/hoconnell/final-project/php/makeMenu.php on line 16
[04-Dec-2017 05:29:58 UTC] PHP Stack trace:
[04-Dec-2017 05:29:58 UTC] PHP   1. {main}() /home/ubuntu/workspace/hoconnell/final-project/php/makeMenu.php:0
[04-Dec-2017 05:29:58 UTC] PHP   2. json_last_error() /home/ubuntu/workspace/hoconnell/final-project/php/makeMenu.php:16
[04-Dec-2017 06:59:37 UTC] PHP Fatal error:  Uncaught exception 'PDOException' with message 'SQLSTATE[42000]: Syntax error or access violation: 1064 You have an error in your SQL syntax; check the manual that corresponds to your MySQL server version for the right syntax to use near '' at line 3' in /home/ubuntu/workspace/hoconnell/final-project/php/searchMenu.php:12
Stack trace:
#0 /home/ubuntu/workspace/hoconnell/final-project/php/searchMenu.php(12): PDOStatement->execute()
#1 {main}
  thrown in /home/ubuntu/workspace/hoconnell/final-project/php/searchMenu.php on line 12
[04-Dec-2017 07:19:41 UTC] PHP Fatal error:  Uncaught exception 'PDOException' with message 'SQLSTATE[42000]: Syntax error or access violation: 1064 You have an error in your SQL syntax; check the manual that corresponds to your MySQL server version for the right syntax to use near '' at line 3' in /home/ubuntu/workspace/hoconnell/final-project/php/searchMenu.php:12
Stack trace:
#0 /home/ubuntu/workspace/hoconnell/final-project/php/searchMenu.php(12): PDOStatement->execute()
#1 {main}
  thrown in /home/ubuntu/workspace/hoconnell/final-project/php/searchMenu.php on line 12
[04-Dec-2017 07:29:34 UTC] PHP Fatal error:  Uncaught exception 'PDOException' with message 'SQLSTATE[42000]: Syntax error or access violation: 1064 You have an error in your SQL syntax; check the manual that corresponds to your MySQL server version for the right syntax to use near '%coffee%' at line 4' in /home/ubuntu/workspace/hoconnell/final-project/php/searchMenu.php:16
Stack trace:
#0 /home/ubuntu/workspace/hoconnell/final-project/php/searchMenu.php(16): PDOStatement->execute()
#1 {main}
  thrown in /home/ubuntu/workspace/hoconnell/final-project/php/searchMenu.php on line 16
[04-Dec-2017 07:32:45 UTC] PHP Fatal error:  Uncaught exception 'PDOException' with message 'SQLSTATE[42000]: Syntax error or access violation: 1064 You have an error in your SQL syntax; check the manual that corresponds to your MySQL server version for the right syntax to use near '%'latte'%' at line 4' in /home/ubuntu/workspace/hoconnell/final-project/php/searchMenu.php:16
Stack trace:
#0 /home/ubuntu/workspace/hoconnell/final-project/php/searchMenu.php(16): PDOStatement->execute()
#1 {main}
  thrown in /home/ubuntu/workspace/hoconnell/final-project/php/searchMenu.php on line 16
[04-Dec-2017 08:55:08 UTC] PHP Fatal error:  Uncaught exception 'PDOException' with message 'SQLSTATE[42000]: Syntax error or access violation: 1064 You have an error in your SQL syntax; check the manual that corresponds to your MySQL server version for the right syntax to use near 'AND categoryId = '1'  AND categoryId = '2' )' at line 4' in /home/ubuntu/workspace/hoconnell/final-project/php/searchMenu.php:53
Stack trace:
#0 /home/ubuntu/workspace/hoconnell/final-project/php/searchMenu.php(53): PDOStatement->execute(Array)
#1 {main}
  thrown in /home/ubuntu/workspace/hoconnell/final-project/php/searchMenu.php on line 53
[04-Dec-2017 08:55:55 UTC] PHP Fatal error:  Uncaught exception 'PDOException' with message 'SQLSTATE[42000]: Syntax error or access violation: 1064 You have an error in your SQL syntax; check the manual that corresponds to your MySQL server version for the right syntax to use near 'AND categoryId = '1'  AND categoryId = '2' )' at line 4' in /home/ubuntu/workspace/hoconnell/final-project/php/searchMenu.php:53
Stack trace:
#0 /home/ubuntu/workspace/hoconnell/final-project/php/searchMenu.php(53): PDOStatement->execute(Array)
#1 {main}
  thrown in /home/ubuntu/workspace/hoconnell/final-project/php/searchMenu.php on line 53
[04-Dec-2017 08:59:57 UTC] PHP Fatal error:  Uncaught exception 'PDOException' with message 'SQLSTATE[42000]: Syntax error or access violation: 1064 You have an error in your SQL syntax; check the manual that corresponds to your MySQL server version for the right syntax to use near ')' at line 4' in /home/ubuntu/workspace/hoconnell/final-project/php/searchMenu.php:57
Stack trace:
#0 /home/ubuntu/workspace/hoconnell/final-project/php/searchMenu.php(57): PDOStatement->execute(Array)
#1 {main}
  thrown in /home/ubuntu/workspace/hoconnell/final-project/php/searchMenu.php on line 57
[04-Dec-2017 22:28:31 UTC] PHP Warning:  include(../dbConn.php): failed to open stream: No such file or directory in /home/ubuntu/workspace/hoconnell/final-project/php/deleteItem.php on line 10
[04-Dec-2017 22:28:31 UTC] PHP Stack trace:
[04-Dec-2017 22:28:31 UTC] PHP   1. {main}() /home/ubuntu/workspace/hoconnell/final-project/php/deleteItem.php:0
[04-Dec-2017 22:28:31 UTC] PHP Warning:  include(): Failed opening '../dbConn.php' for inclusion (include_path='.:/usr/share/php:/usr/share/pear') in /home/ubuntu/workspace/hoconnell/final-project/php/deleteItem.php on line 10
[04-Dec-2017 22:28:31 UTC] PHP Stack trace:
[04-Dec-2017 22:28:31 UTC] PHP   1. {main}() /home/ubuntu/workspace/hoconnell/final-project/php/deleteItem.php:0
[04-Dec-2017 22:28:31 UTC] PHP Fatal error:  Call to undefined function getDbConn() in /home/ubuntu/workspace/hoconnell/final-project/php/deleteItem.php on line 11
[04-Dec-2017 22:28:31 UTC] PHP Stack trace:
[04-Dec-2017 22:28:31 UTC] PHP   1. {main}() /home/ubuntu/workspace/hoconnell/final-project/php/deleteItem.php:0
[04-Dec-2017 22:28:41 UTC] PHP Warning:  include(../dbConn.php): failed to open stream: No such file or directory in /home/ubuntu/workspace/hoconnell/final-project/php/deleteItem.php on line 10
[04-Dec-2017 22:28:41 UTC] PHP Stack trace:
[04-Dec-2017 22:28:41 UTC] PHP   1. {main}() /home/ubuntu/workspace/hoconnell/final-project/php/deleteItem.php:0
[04-Dec-2017 22:28:41 UTC] PHP Warning:  include(): Failed opening '../dbConn.php' for inclusion (include_path='.:/usr/share/php:/usr/share/pear') in /home/ubuntu/workspace/hoconnell/final-project/php/deleteItem.php on line 10
[04-Dec-2017 22:28:41 UTC] PHP Stack trace:
[04-Dec-2017 22:28:41 UTC] PHP   1. {main}() /home/ubuntu/workspace/hoconnell/final-project/php/deleteItem.php:0
[04-Dec-2017 22:28:41 UTC] PHP Fatal error:  Call to undefined function getDbConn() in /home/ubuntu/workspace/hoconnell/final-project/php/deleteItem.php on line 11
[04-Dec-2017 22:28:41 UTC] PHP Stack trace:
[04-Dec-2017 22:28:41 UTC] PHP   1. {main}() /home/ubuntu/workspace/hoconnell/final-project/php/deleteItem.php:0
