[07-Sep-2017 17:41:15 UTC] PHP Parse error:  syntax error, unexpected ')', expecting ',' or ';' in /home/ubuntu/workspace/hoconnell/practice/randomBgColor.php on line 16
[07-Sep-2017 17:41:34 UTC] PHP Parse error:  syntax error, unexpected ')', expecting ',' or ';' in /home/ubuntu/workspace/hoconnell/practice/randomBgColor.php on line 16
[07-Sep-2017 17:41:35 UTC] PHP Parse error:  syntax error, unexpected ')', expecting ',' or ';' in /home/ubuntu/workspace/hoconnell/practice/randomBgColor.php on line 16
[07-Sep-2017 17:41:52 UTC] PHP Parse error:  syntax error, unexpected ')', expecting ',' or ';' in /home/ubuntu/workspace/hoconnell/practice/randomBgColor.php on line 16
[07-Sep-2017 17:41:53 UTC] PHP Parse error:  syntax error, unexpected ')', expecting ',' or ';' in /home/ubuntu/workspace/hoconnell/practice/randomBgColor.php on line 16
[07-Sep-2017 17:42:08 UTC] PHP Parse error:  syntax error, unexpected end of file, expecting variable (T_VARIABLE) or ${ (T_DOLLAR_OPEN_CURLY_BRACES) or {$ (T_CURLY_OPEN) in /home/ubuntu/workspace/hoconnell/practice/randomBgColor.php on line 24
[07-Sep-2017 17:42:09 UTC] PHP Parse error:  syntax error, unexpected end of file, expecting variable (T_VARIABLE) or ${ (T_DOLLAR_OPEN_CURLY_BRACES) or {$ (T_CURLY_OPEN) in /home/ubuntu/workspace/hoconnell/practice/randomBgColor.php on line 24
[07-Sep-2017 17:42:28 UTC] PHP Parse error:  syntax error, unexpected end of file in /home/ubuntu/workspace/hoconnell/practice/randomBgColor.php on line 24
[07-Sep-2017 17:42:29 UTC] PHP Parse error:  syntax error, unexpected end of file in /home/ubuntu/workspace/hoconnell/practice/randomBgColor.php on line 24
[07-Sep-2017 17:42:29 UTC] PHP Parse error:  syntax error, unexpected end of file in /home/ubuntu/workspace/hoconnell/practice/randomBgColor.php on line 24
[12-Sep-2017 17:58:41 UTC] PHP Fatal error:  Cannot use [] for reading in /home/ubuntu/workspace/hoconnell/practice/arrays.php on line 8
[13-Nov-2017 06:18:44 UTC] PHP Warning:  include(../../dbConn.php): failed to open stream: No such file or directory in /home/ubuntu/workspace/hoconnell/final-project/admin.php on line 10
[13-Nov-2017 06:18:44 UTC] PHP Stack trace:
[13-Nov-2017 06:18:44 UTC] PHP   1. {main}() /home/ubuntu/workspace/hoconnell/final-project/admin.php:0
[13-Nov-2017 06:18:44 UTC] PHP Warning:  include(): Failed opening '../../dbConn.php' for inclusion (include_path='.:/usr/share/php:/usr/share/pear') in /home/ubuntu/workspace/hoconnell/final-project/admin.php on line 10
[13-Nov-2017 06:18:44 UTC] PHP Stack trace:
[13-Nov-2017 06:18:44 UTC] PHP   1. {main}() /home/ubuntu/workspace/hoconnell/final-project/admin.php:0
[13-Nov-2017 06:18:44 UTC] PHP Fatal error:  Call to undefined function getDbConn() in /home/ubuntu/workspace/hoconnell/final-project/admin.php on line 11
[13-Nov-2017 06:18:44 UTC] PHP Stack trace:
[13-Nov-2017 06:18:44 UTC] PHP   1. {main}() /home/ubuntu/workspace/hoconnell/final-project/admin.php:0
[04-Dec-2017 02:43:30 UTC] PHP Warning:  include(../../dbConn.php): failed to open stream: No such file or directory in /home/ubuntu/workspace/hoconnell/final-project/index.php on line 3
[04-Dec-2017 02:43:30 UTC] PHP Stack trace:
[04-Dec-2017 02:43:30 UTC] PHP   1. {main}() /home/ubuntu/workspace/hoconnell/final-project/index.php:0
[04-Dec-2017 02:43:30 UTC] PHP Warning:  include(): Failed opening '../../dbConn.php' for inclusion (include_path='.:/usr/share/php:/usr/share/pear') in /home/ubuntu/workspace/hoconnell/final-project/index.php on line 3
[04-Dec-2017 02:43:30 UTC] PHP Stack trace:
[04-Dec-2017 02:43:30 UTC] PHP   1. {main}() /home/ubuntu/workspace/hoconnell/final-project/index.php:0
[04-Dec-2017 02:43:30 UTC] PHP Fatal error:  Call to undefined function getDbConn() in /home/ubuntu/workspace/hoconnell/final-project/index.php on line 4
[04-Dec-2017 02:43:30 UTC] PHP Stack trace:
[04-Dec-2017 02:43:30 UTC] PHP   1. {main}() /home/ubuntu/workspace/hoconnell/final-project/index.php:0
[04-Dec-2017 06:27:02 UTC] PHP Fatal error:  Call to undefined function dispCountryOpt() in /home/ubuntu/workspace/hoconnell/final-project/index.php on line 74
[04-Dec-2017 06:27:02 UTC] PHP Stack trace:
[04-Dec-2017 06:27:02 UTC] PHP   1. {main}() /home/ubuntu/workspace/hoconnell/final-project/index.php:0
[04-Dec-2017 12:16:21 UTC] PHP Fatal error:  Call to undefined function toFixed() in /home/ubuntu/workspace/hoconnell/final-project/admin.php on line 187
[04-Dec-2017 12:16:21 UTC] PHP Stack trace:
[04-Dec-2017 12:16:21 UTC] PHP   1. {main}() /home/ubuntu/workspace/hoconnell/final-project/admin.php:0
