[14-Sep-2017 18:20:06 UTC] PHP Parse error:  syntax error, unexpected ';' in /home/ubuntu/workspace/hoconnell/labs/lab3/index.php on line 20
[14-Sep-2017 18:24:46 UTC] PHP Parse error:  syntax error, unexpected 'for' (T_FOR), expecting ',' or ';' in /home/ubuntu/workspace/hoconnell/labs/lab3/index.php on line 15
[19-Sep-2017 18:10:53 UTC] PHP Parse error:  syntax error, unexpected '?>' in /home/ubuntu/workspace/hoconnell/labs/lab3/index.php on line 75
[19-Sep-2017 18:28:27 UTC] PHP Parse error:  syntax error, unexpected ';' in /home/ubuntu/workspace/hoconnell/labs/lab3/index.php on line 13
[21-Sep-2017 17:15:06 UTC] PHP Parse error:  syntax error, unexpected '}', expecting ',' or ';' in /home/ubuntu/workspace/hoconnell/labs/lab3/index.php on line 113
[22-Sep-2017 17:46:34 UTC] PHP Fatal error:  Maximum execution time of 300 seconds exceeded in /home/ubuntu/workspace/hoconnell/labs/lab4/index.php on line 38
[22-Sep-2017 17:46:34 UTC] PHP Stack trace:
[22-Sep-2017 17:46:34 UTC] PHP   1. {main}() /home/ubuntu/workspace/hoconnell/labs/lab4/index.php:0
[22-Sep-2017 17:46:34 UTC] PHP   2. rand() /home/ubuntu/workspace/hoconnell/labs/lab4/index.php:38
[22-Sep-2017 17:47:30 UTC] PHP Fatal error:  Maximum execution time of 300 seconds exceeded in /home/ubuntu/workspace/hoconnell/labs/lab4/index.php on line 38
[22-Sep-2017 17:47:30 UTC] PHP Stack trace:
[22-Sep-2017 17:47:30 UTC] PHP   1. {main}() /home/ubuntu/workspace/hoconnell/labs/lab4/index.php:0
[22-Sep-2017 17:47:44 UTC] PHP Fatal error:  Maximum execution time of 300 seconds exceeded in /home/ubuntu/workspace/hoconnell/labs/lab4/index.php on line 38
[22-Sep-2017 17:47:44 UTC] PHP Stack trace:
[22-Sep-2017 17:47:44 UTC] PHP   1. {main}() /home/ubuntu/workspace/hoconnell/labs/lab4/index.php:0
[28-Sep-2017 17:18:57 UTC] PHP Fatal error:  Call to undefined function displayDirections() in /home/ubuntu/workspace/hoconnell/labs/lab4/index.php on line 56
[28-Sep-2017 17:18:57 UTC] PHP Stack trace:
[28-Sep-2017 17:18:57 UTC] PHP   1. {main}() /home/ubuntu/workspace/hoconnell/labs/lab4/index.php:0
[28-Sep-2017 17:19:07 UTC] PHP Parse error:  syntax error, unexpected '?>' in /home/ubuntu/workspace/hoconnell/labs/lab4/index.php on line 56
[28-Sep-2017 17:58:15 UTC] PHP Parse error:  syntax error, unexpected 'unset' (T_UNSET) in /home/ubuntu/workspace/hoconnell/labs/lab4/index.php on line 77
[28-Sep-2017 18:05:06 UTC] PHP Parse error:  syntax error, unexpected 'echo' (T_ECHO), expecting ',' or ';' in /home/ubuntu/workspace/hoconnell/labs/lab4/index.php on line 78
[29-Sep-2017 17:11:49 UTC] PHP Parse error:  syntax error, unexpected '}' in /home/ubuntu/workspace/hoconnell/labs/lab4/index.php on line 127
[29-Sep-2017 18:42:36 UTC] PHP Fatal error:  Function name must be a string in /home/ubuntu/workspace/hoconnell/labs/lab4/index.php on line 59
[29-Sep-2017 18:42:36 UTC] PHP Stack trace:
[29-Sep-2017 18:42:36 UTC] PHP   1. {main}() /home/ubuntu/workspace/hoconnell/labs/lab4/index.php:0
[29-Sep-2017 18:42:56 UTC] PHP Fatal error:  Function name must be a string in /home/ubuntu/workspace/hoconnell/labs/lab4/index.php on line 59
[29-Sep-2017 18:42:56 UTC] PHP Stack trace:
[29-Sep-2017 18:42:56 UTC] PHP   1. {main}() /home/ubuntu/workspace/hoconnell/labs/lab4/index.php:0
[30-Sep-2017 06:08:44 UTC] PHP Fatal error:  Call to undefined function getImageURLs() in /home/ubuntu/workspace/hoconnell/labs/lab4/index.php on line 51
[30-Sep-2017 06:08:44 UTC] PHP Stack trace:
[30-Sep-2017 06:08:44 UTC] PHP   1. {main}() /home/ubuntu/workspace/hoconnell/labs/lab4/index.php:0
[30-Sep-2017 06:37:01 UTC] PHP Warning:  Missing argument 1 for getImageURLs(), called in /home/ubuntu/workspace/hoconnell/labs/lab4/index.php on line 53 and defined in /home/ubuntu/workspace/hoconnell/labs/lab4/api/pixabayAPI.php on line 4
[30-Sep-2017 06:37:01 UTC] PHP Stack trace:
[30-Sep-2017 06:37:01 UTC] PHP   1. {main}() /home/ubuntu/workspace/hoconnell/labs/lab4/index.php:0
[30-Sep-2017 06:37:01 UTC] PHP   2. getImageURLs() /home/ubuntu/workspace/hoconnell/labs/lab4/index.php:53
[30-Sep-2017 06:39:44 UTC] PHP Warning:  Missing argument 1 for getImageURLs(), called in /home/ubuntu/workspace/hoconnell/labs/lab4/index.php on line 53 and defined in /home/ubuntu/workspace/hoconnell/labs/lab4/api/pixabayAPI.php on line 4
[30-Sep-2017 06:39:44 UTC] PHP Stack trace:
[30-Sep-2017 06:39:44 UTC] PHP   1. {main}() /home/ubuntu/workspace/hoconnell/labs/lab4/index.php:0
[30-Sep-2017 06:39:44 UTC] PHP   2. getImageURLs() /home/ubuntu/workspace/hoconnell/labs/lab4/index.php:53
[30-Sep-2017 06:39:49 UTC] PHP Warning:  Missing argument 1 for getImageURLs(), called in /home/ubuntu/workspace/hoconnell/labs/lab4/index.php on line 53 and defined in /home/ubuntu/workspace/hoconnell/labs/lab4/api/pixabayAPI.php on line 4
[30-Sep-2017 06:39:49 UTC] PHP Stack trace:
[30-Sep-2017 06:39:49 UTC] PHP   1. {main}() /home/ubuntu/workspace/hoconnell/labs/lab4/index.php:0
[30-Sep-2017 06:39:49 UTC] PHP   2. getImageURLs() /home/ubuntu/workspace/hoconnell/labs/lab4/index.php:53
[30-Sep-2017 06:41:08 UTC] PHP Fatal error:  Maximum execution time of 300 seconds exceeded in /home/ubuntu/workspace/hoconnell/labs/lab4/index.php on line 55
[30-Sep-2017 06:41:08 UTC] PHP Stack trace:
[30-Sep-2017 06:41:08 UTC] PHP   1. {main}() /home/ubuntu/workspace/hoconnell/labs/lab4/index.php:0
[30-Sep-2017 06:41:08 UTC] PHP   2. array_rand() /home/ubuntu/workspace/hoconnell/labs/lab4/index.php:55
[05-Oct-2017 18:42:27 UTC] PHP Fatal error:  Uncaught exception 'PDOException' with message 'SQLSTATE[42S02]: Base table or view not found: 1146 Table 'quotes.q_quotes' doesn't exist' in /home/ubuntu/workspace/hoconnell/labs/lab5/index.php:37
Stack trace:
#0 /home/ubuntu/workspace/hoconnell/labs/lab5/index.php(37): PDOStatement->execute()
#1 /home/ubuntu/workspace/hoconnell/labs/lab5/index.php(60): getAllQuotes()
#2 {main}
  thrown in /home/ubuntu/workspace/hoconnell/labs/lab5/index.php on line 37
[05-Oct-2017 18:42:38 UTC] PHP Fatal error:  Uncaught exception 'PDOException' with message 'SQLSTATE[42S02]: Base table or view not found: 1146 Table 'quotes.q_quotes' doesn't exist' in /home/ubuntu/workspace/hoconnell/labs/lab5/index.php:37
Stack trace:
#0 /home/ubuntu/workspace/hoconnell/labs/lab5/index.php(37): PDOStatement->execute()
#1 /home/ubuntu/workspace/hoconnell/labs/lab5/index.php(60): getAllQuotes()
#2 {main}
  thrown in /home/ubuntu/workspace/hoconnell/labs/lab5/index.php on line 37
