[30-Nov-2017 19:06:04 UTC] PHP Fatal error:  Uncaught exception 'PDOException' with message 'SQLSTATE[HY093]: Invalid parameter number: parameter was not defined' in /home/ubuntu/workspace/hoconnell/challenges/challenge4/database.php:22
Stack trace:
#0 /home/ubuntu/workspace/hoconnell/challenges/challenge4/database.php(22): PDOStatement->execute(Array)
#1 {main}
  thrown in /home/ubuntu/workspace/hoconnell/challenges/challenge4/database.php on line 22
[30-Nov-2017 19:06:41 UTC] PHP Fatal error:  Uncaught exception 'PDOException' with message 'SQLSTATE[HY093]: Invalid parameter number: parameter was not defined' in /home/ubuntu/workspace/hoconnell/challenges/challenge4/database.php:22
Stack trace:
#0 /home/ubuntu/workspace/hoconnell/challenges/challenge4/database.php(22): PDOStatement->execute(Array)
#1 {main}
  thrown in /home/ubuntu/workspace/hoconnell/challenges/challenge4/database.php on line 22
[30-Nov-2017 19:07:50 UTC] PHP Fatal error:  Uncaught exception 'PDOException' with message 'SQLSTATE[HY093]: Invalid parameter number: parameter was not defined' in /home/ubuntu/workspace/hoconnell/challenges/challenge4/database.php:22
Stack trace:
#0 /home/ubuntu/workspace/hoconnell/challenges/challenge4/database.php(22): PDOStatement->execute(Array)
#1 {main}
  thrown in /home/ubuntu/workspace/hoconnell/challenges/challenge4/database.php on line 22
[30-Nov-2017 19:08:19 UTC] PHP Fatal error:  Uncaught exception 'PDOException' with message 'SQLSTATE[42000]: Syntax error or access violation: 1064 You have an error in your SQL syntax; check the manual that corresponds to your MySQL server version for the right syntax to use near 'FROM q_pixabay 
        WHERE keyword = NULL' at line 2' in /home/ubuntu/workspace/hoconnell/challenges/challenge4/database.php:22
Stack trace:
#0 /home/ubuntu/workspace/hoconnell/challenges/challenge4/database.php(22): PDOStatement->execute(Array)
#1 {main}
  thrown in /home/ubuntu/workspace/hoconnell/challenges/challenge4/database.php on line 22
[30-Nov-2017 19:26:26 UTC] PHP Warning:  Invalid argument supplied for foreach() in /home/ubuntu/workspace/hoconnell/challenges/challenge4/database.php on line 39
[30-Nov-2017 19:26:26 UTC] PHP Stack trace:
[30-Nov-2017 19:26:26 UTC] PHP   1. {main}() /home/ubuntu/workspace/hoconnell/challenges/challenge4/database.php:0
